Test batch size: 10000
Loading fashion-mnist data...Done
Loading model...Done
Conv-GPU==
==PROF== Connected to process 2091953 (/u/jshen3/ece408git/Project/m3)
==PROF== Profiling "prefn_marker_kernel()" - 0: 0%....50%....100% - 9 passes
==PROF== Profiling "unroll_kernel" - 1: 0%....50%....100% - 9 passes
==PROF== Profiling "matrixMultiplyShared" - 2: 0%....50%....100% - 9 passes
==PROF== Profiling "unroll_kernel" - 3: 0%....50%....100% - 9 passes
==PROF== Profiling "matrixMultiplyShared" - 4: 0%....50%....100% - 9 passes
==PROF== Profiling "do_not_remove_this_kernel()" - 5: 0%....50%....100% - 9 passes
Layer Time: 6628.65 ms
Op Time: 6458.97 ms
Conv-GPU==
==PROF== Profiling "prefn_marker_kernel()" - 6: 0%....50%....100% - 9 passes
==PROF== Profiling "unroll_kernel" - 7: 0%....50%....100% - 9 passes
==PROF== Profiling "matrixMultiplyShared" - 8: 0%....50%....100% - 9 passes
==PROF== Profiling "unroll_kernel" - 9: 0%....50%....100% - 9 passes
==PROF== Profiling "matrixMultiplyShared" - 10: 0%....50%....100% - 9 passes
==PROF== Profiling "do_not_remove_this_kernel()" - 11: 0%....50%....100% - 9 passes
Layer Time: 5510.31 ms
Op Time: 5388.4 ms

Test Accuracy: 0.8714

==PROF== Disconnected from process 2091953
==PROF== Report: /u/jshen3/ece408git/Project/analysis_file.ncu-rep
