Test batch size: 10000
Loading fashion-mnist data...Done
Loading model...Done
Conv-GPU==
==PROF== Connected to process 660091 (/u/jshen3/ece408git/Project/m3)
==PROF== Profiling "prefn_marker_kernel()" - 0: 0%....50%....100% - 34 passes
==PROF== Profiling "fusionedGEMMConv" - 1: 0%....50%....100% - 34 passes
==PROF== Profiling "fusionedGEMMConv" - 2: 0%....50%....100% - 34 passes
==PROF== Profiling "do_not_remove_this_kernel()" - 3: 0%....50%....100% - 34 passes
Layer Time: 17808.8 ms
Op Time: 17637.2 ms
Conv-GPU==
==PROF== Profiling "prefn_marker_kernel()" - 4: 0%....50%....100% - 34 passes
==PROF== Profiling "fusionedGEMMConv" - 5: 0%....50%....100% - 34 passes
==PROF== Profiling "fusionedGEMMConv" - 6: 0%....50%....100% - 34 passes
==PROF== Profiling "do_not_remove_this_kernel()" - 7: 0%....50%....100% - 34 passes
Layer Time: 16464.7 ms
Op Time: 16340.1 ms

Test Accuracy: 0.8714

==PROF== Disconnected from process 660091
==PROF== Report: /u/jshen3/ece408git/Project/analysis_file_full.ncu-rep
